<?xml version="1.0" encoding="UTF-8"?>
<testsuite xmlns:xsi="http://www.w3.org/2001/XMLSchema-instance" xsi:noNamespaceSchemaLocation="https://maven.apache.org/surefire/maven-surefire-plugin/xsd/surefire-test-report-3.0.xsd" version="3.0" name="suits.SmokeSuite" time="20.771" tests="1" errors="0" skipped="0" failures="0">
  <properties>
    <property name="sun.desktop" value="windows"/>
    <property name="awt.toolkit" value="sun.awt.windows.WToolkit"/>
    <property name="file.encoding.pkg" value="sun.io"/>
    <property name="java.specification.version" value="1.8"/>
    <property name="sun.cpu.isalist" value="amd64"/>
    <property name="sun.jnu.encoding" value="Cp1251"/>
    <property name="java.class.path" value="D:\IAS\target\test-classes;D:\IAS\target\classes;C:\Users\D.Beztuzhev\.m2\repository\io\qameta\allure\allure-junit4\2.0-BETA13\allure-junit4-2.0-BETA13.jar;C:\Users\D.Beztuzhev\.m2\repository\io\qameta\allure\allure-java-commons\2.0-BETA13\allure-java-commons-2.0-BETA13.jar;C:\Users\D.Beztuzhev\.m2\repository\io\qameta\allure\allure2-model-api\1.0-BETA6\allure2-model-api-1.0-BETA6.jar;C:\Users\D.Beztuzhev\.m2\repository\io\qameta\allure\allure2-model-pojo\1.0-BETA6\allure2-model-pojo-1.0-BETA6.jar;C:\Users\D.Beztuzhev\.m2\repository\org\apache\tika\tika-core\1.14\tika-core-1.14.jar;C:\Users\D.Beztuzhev\.m2\repository\io\qameta\allure\allure2-model-jackson\1.0-BETA6\allure2-model-jackson-1.0-BETA6.jar;C:\Users\D.Beztuzhev\.m2\repository\com\fasterxml\jackson\module\jackson-module-jaxb-annotations\2.7.0\jackson-module-jaxb-annotations-2.7.0.jar;C:\Users\D.Beztuzhev\.m2\repository\org\aspectj\aspectjrt\1.8.10\aspectjrt-1.8.10.jar;C:\Users\D.Beztuzhev\.m2\repository\org\jooq\joor\0.9.6\joor-0.9.6.jar;C:\Users\D.Beztuzhev\.m2\repository\com\codeborne\selenide\5.18.0\selenide-5.18.0.jar;C:\Users\D.Beztuzhev\.m2\repository\org\rauschig\jarchivelib\1.1.0\jarchivelib-1.1.0.jar;C:\Users\D.Beztuzhev\.m2\repository\org\apache\commons\commons-compress\1.20\commons-compress-1.20.jar;C:\Users\D.Beztuzhev\.m2\repository\org\apache\httpcomponents\client5\httpclient5\5.0.3\httpclient5-5.0.3.jar;C:\Users\D.Beztuzhev\.m2\repository\org\apache\httpcomponents\core5\httpcore5\5.0.2\httpcore5-5.0.2.jar;C:\Users\D.Beztuzhev\.m2\repository\com\google\guava\guava\30.1-jre\guava-30.1-jre.jar;C:\Users\D.Beztuzhev\.m2\repository\com\google\guava\failureaccess\1.0.1\failureaccess-1.0.1.jar;C:\Users\D.Beztuzhev\.m2\repository\com\google\guava\listenablefuture\9999.0-empty-to-avoid-conflict-with-guava\listenablefuture-9999.0-empty-to-avoid-conflict-with-guava.jar;C:\Users\D.Beztuzhev\.m2\repository\com\google\code\findbugs\jsr305\3.0.2\jsr305-3.0.2.jar;C:\Users\D.Beztuzhev\.m2\repository\org\checkerframework\checker-qual\3.5.0\checker-qual-3.5.0.jar;C:\Users\D.Beztuzhev\.m2\repository\com\google\errorprone\error_prone_annotations\2.3.4\error_prone_annotations-2.3.4.jar;C:\Users\D.Beztuzhev\.m2\repository\com\google\j2objc\j2objc-annotations\1.3\j2objc-annotations-1.3.jar;C:\Users\D.Beztuzhev\.m2\repository\io\qameta\allure\allure-selenide\2.13.8\allure-selenide-2.13.8.jar;C:\Users\D.Beztuzhev\.m2\repository\org\aspectj\aspectjweaver\1.9.5\aspectjweaver-1.9.5.jar;C:\Users\D.Beztuzhev\.m2\repository\org\seleniumhq\selenium\selenium-java\3.14.0\selenium-java-3.14.0.jar;C:\Users\D.Beztuzhev\.m2\repository\org\seleniumhq\selenium\selenium-api\3.14.0\selenium-api-3.14.0.jar;C:\Users\D.Beztuzhev\.m2\repository\org\seleniumhq\selenium\selenium-chrome-driver\3.14.0\selenium-chrome-driver-3.14.0.jar;C:\Users\D.Beztuzhev\.m2\repository\org\seleniumhq\selenium\selenium-edge-driver\3.14.0\selenium-edge-driver-3.14.0.jar;C:\Users\D.Beztuzhev\.m2\repository\org\seleniumhq\selenium\selenium-firefox-driver\3.14.0\selenium-firefox-driver-3.14.0.jar;C:\Users\D.Beztuzhev\.m2\repository\org\seleniumhq\selenium\selenium-ie-driver\3.14.0\selenium-ie-driver-3.14.0.jar;C:\Users\D.Beztuzhev\.m2\repository\org\seleniumhq\selenium\selenium-opera-driver\3.14.0\selenium-opera-driver-3.14.0.jar;C:\Users\D.Beztuzhev\.m2\repository\org\seleniumhq\selenium\selenium-remote-driver\3.14.0\selenium-remote-driver-3.14.0.jar;C:\Users\D.Beztuzhev\.m2\repository\org\seleniumhq\selenium\selenium-safari-driver\3.14.0\selenium-safari-driver-3.14.0.jar;C:\Users\D.Beztuzhev\.m2\repository\org\seleniumhq\selenium\selenium-support\3.14.0\selenium-support-3.14.0.jar;C:\Users\D.Beztuzhev\.m2\repository\net\bytebuddy\byte-buddy\1.8.15\byte-buddy-1.8.15.jar;C:\Users\D.Beztuzhev\.m2\repository\org\apache\commons\commons-exec\1.3\commons-exec-1.3.jar;C:\Users\D.Beztuzhev\.m2\repository\commons-codec\commons-codec\1.10\commons-codec-1.10.jar;C:\Users\D.Beztuzhev\.m2\repository\commons-logging\commons-logging\1.2\commons-logging-1.2.jar;C:\Users\D.Beztuzhev\.m2\repository\org\apache\httpcomponents\httpclient\4.5.5\httpclient-4.5.5.jar;C:\Users\D.Beztuzhev\.m2\repository\org\apache\httpcomponents\httpcore\4.4.9\httpcore-4.4.9.jar;C:\Users\D.Beztuzhev\.m2\repository\com\squareup\okhttp3\okhttp\3.10.0\okhttp-3.10.0.jar;C:\Users\D.Beztuzhev\.m2\repository\com\squareup\okio\okio\1.14.1\okio-1.14.1.jar;C:\Users\D.Beztuzhev\.m2\repository\xml-apis\xml-apis\1.4.01\xml-apis-1.4.01.jar;C:\Users\D.Beztuzhev\.m2\repository\javax\servlet\javax.servlet-api\3.1.0\javax.servlet-api-3.1.0.jar;C:\Users\D.Beztuzhev\.m2\repository\log4j\log4j\1.2.17\log4j-1.2.17.jar;C:\Users\D.Beztuzhev\.m2\repository\commons-io\commons-io\2.6\commons-io-2.6.jar;C:\Users\D.Beztuzhev\.m2\repository\org\aeonbits\owner\owner\1.0.4\owner-1.0.4.jar;C:\Users\D.Beztuzhev\.m2\repository\io\github\bonigarcia\webdrivermanager\3.7.1\webdrivermanager-3.7.1.jar;C:\Users\D.Beztuzhev\.m2\repository\com\google\code\gson\gson\2.8.5\gson-2.8.5.jar;C:\Users\D.Beztuzhev\.m2\repository\org\apache\commons\commons-lang3\3.8.1\commons-lang3-3.8.1.jar;C:\Users\D.Beztuzhev\.m2\repository\org\jsoup\jsoup\1.11.3\jsoup-1.11.3.jar;C:\Users\D.Beztuzhev\.m2\repository\org\slf4j\slf4j-api\1.7.5\slf4j-api-1.7.5.jar;C:\Users\D.Beztuzhev\.m2\repository\org\slf4j\slf4j-log4j12\1.7.5\slf4j-log4j12-1.7.5.jar;C:\Users\D.Beztuzhev\.m2\repository\ru\yandex\qatools\htmlelements\htmlelements-java\1.20.0\htmlelements-java-1.20.0.jar;C:\Users\D.Beztuzhev\.m2\repository\org\apache\poi\poi\3.14\poi-3.14.jar;C:\Users\D.Beztuzhev\.m2\repository\mysql\mysql-connector-java\5.1.18\mysql-connector-java-5.1.18.jar;C:\Users\D.Beztuzhev\.m2\repository\io\rest-assured\rest-assured\3.0.0\rest-assured-3.0.0.jar;C:\Users\D.Beztuzhev\.m2\repository\org\codehaus\groovy\groovy\2.4.6\groovy-2.4.6.jar;C:\Users\D.Beztuzhev\.m2\repository\org\codehaus\groovy\groovy-xml\2.4.6\groovy-xml-2.4.6.jar;C:\Users\D.Beztuzhev\.m2\repository\org\apache\httpcomponents\httpmime\4.5.1\httpmime-4.5.1.jar;C:\Users\D.Beztuzhev\.m2\repository\org\hamcrest\hamcrest-core\1.3\hamcrest-core-1.3.jar;C:\Users\D.Beztuzhev\.m2\repository\org\hamcrest\hamcrest-library\1.3\hamcrest-library-1.3.jar;C:\Users\D.Beztuzhev\.m2\repository\org\ccil\cowan\tagsoup\tagsoup\1.2.1\tagsoup-1.2.1.jar;C:\Users\D.Beztuzhev\.m2\repository\io\rest-assured\json-path\3.0.0\json-path-3.0.0.jar;C:\Users\D.Beztuzhev\.m2\repository\org\codehaus\groovy\groovy-json\2.4.6\groovy-json-2.4.6.jar;C:\Users\D.Beztuzhev\.m2\repository\io\rest-assured\rest-assured-common\3.0.0\rest-assured-common-3.0.0.jar;C:\Users\D.Beztuzhev\.m2\repository\io\rest-assured\xml-path\3.0.0\xml-path-3.0.0.jar;C:\Users\D.Beztuzhev\.m2\repository\org\json\json\20180130\json-20180130.jar;C:\Users\D.Beztuzhev\.m2\repository\com\fasterxml\jackson\core\jackson-core\2.9.6\jackson-core-2.9.6.jar;C:\Users\D.Beztuzhev\.m2\repository\com\fasterxml\jackson\core\jackson-databind\2.9.10\jackson-databind-2.9.10.jar;C:\Users\D.Beztuzhev\.m2\repository\com\fasterxml\jackson\core\jackson-annotations\2.9.10\jackson-annotations-2.9.10.jar;C:\Users\D.Beztuzhev\.m2\repository\jakarta\xml\bind\jakarta.xml.bind-api\2.3.2\jakarta.xml.bind-api-2.3.2.jar;C:\Users\D.Beztuzhev\.m2\repository\jakarta\activation\jakarta.activation-api\1.2.1\jakarta.activation-api-1.2.1.jar;C:\Users\D.Beztuzhev\.m2\repository\javax\xml\bind\jaxb-api\2.3.0\jaxb-api-2.3.0.jar;C:\Users\D.Beztuzhev\.m2\repository\org\glassfish\jaxb\jaxb-runtime\2.3.2\jaxb-runtime-2.3.2.jar;C:\Users\D.Beztuzhev\.m2\repository\org\glassfish\jaxb\txw2\2.3.2\txw2-2.3.2.jar;C:\Users\D.Beztuzhev\.m2\repository\com\sun\istack\istack-commons-runtime\3.0.8\istack-commons-runtime-3.0.8.jar;C:\Users\D.Beztuzhev\.m2\repository\org\jvnet\staxex\stax-ex\1.8.1\stax-ex-1.8.1.jar;C:\Users\D.Beztuzhev\.m2\repository\com\sun\xml\fastinfoset\FastInfoset\1.2.16\FastInfoset-1.2.16.jar;C:\Users\D.Beztuzhev\.m2\repository\ru\yandex\qatools\allure\allure-maven-plugin\2.6\allure-maven-plugin-2.6.jar;C:\Users\D.Beztuzhev\.m2\repository\ru\yandex\qatools\clay\clay-aether\2.5\clay-aether-2.5.jar;C:\Users\D.Beztuzhev\.m2\repository\org\eclipse\aether\aether-api\1.0.1.v20141111\aether-api-1.0.1.v20141111.jar;C:\Users\D.Beztuzhev\.m2\repository\org\eclipse\aether\aether-util\1.0.1.v20141111\aether-util-1.0.1.v20141111.jar;C:\Users\D.Beztuzhev\.m2\repository\org\eclipse\aether\aether-impl\1.0.1.v20141111\aether-impl-1.0.1.v20141111.jar;C:\Users\D.Beztuzhev\.m2\repository\org\eclipse\aether\aether-spi\1.0.1.v20141111\aether-spi-1.0.1.v20141111.jar;C:\Users\D.Beztuzhev\.m2\repository\org\eclipse\aether\aether-connector-basic\1.0.1.v20141111\aether-connector-basic-1.0.1.v20141111.jar;C:\Users\D.Beztuzhev\.m2\repository\org\eclipse\aether\aether-transport-file\1.0.1.v20141111\aether-transport-file-1.0.1.v20141111.jar;C:\Users\D.Beztuzhev\.m2\repository\org\eclipse\aether\aether-transport-http\1.0.1.v20141111\aether-transport-http-1.0.1.v20141111.jar;C:\Users\D.Beztuzhev\.m2\repository\org\slf4j\jcl-over-slf4j\1.6.2\jcl-over-slf4j-1.6.2.jar;C:\Users\D.Beztuzhev\.m2\repository\org\eclipse\aether\aether-transport-wagon\1.0.1.v20141111\aether-transport-wagon-1.0.1.v20141111.jar;C:\Users\D.Beztuzhev\.m2\repository\org\apache\maven\maven-aether-provider\3.1.0\maven-aether-provider-3.1.0.jar;C:\Users\D.Beztuzhev\.m2\repository\org\apache\maven\wagon\wagon-ssh\2.6\wagon-ssh-2.6.jar;C:\Users\D.Beztuzhev\.m2\repository\com\jcraft\jsch\0.1.50\jsch-0.1.50.jar;C:\Users\D.Beztuzhev\.m2\repository\com\jcraft\jsch.agentproxy.connector-factory\0.0.6\jsch.agentproxy.connector-factory-0.0.6.jar;C:\Users\D.Beztuzhev\.m2\repository\com\jcraft\jsch.agentproxy.core\0.0.6\jsch.agentproxy.core-0.0.6.jar;C:\Users\D.Beztuzhev\.m2\repository\com\jcraft\jsch.agentproxy.usocket-jna\0.0.6\jsch.agentproxy.usocket-jna-0.0.6.jar;C:\Users\D.Beztuzhev\.m2\repository\net\java\dev\jna\jna\3.4.0\jna-3.4.0.jar;C:\Users\D.Beztuzhev\.m2\repository\net\java\dev\jna\platform\3.4.0\platform-3.4.0.jar;C:\Users\D.Beztuzhev\.m2\repository\com\jcraft\jsch.agentproxy.usocket-nc\0.0.6\jsch.agentproxy.usocket-nc-0.0.6.jar;C:\Users\D.Beztuzhev\.m2\repository\com\jcraft\jsch.agentproxy.sshagent\0.0.6\jsch.agentproxy.sshagent-0.0.6.jar;C:\Users\D.Beztuzhev\.m2\repository\com\jcraft\jsch.agentproxy.pageant\0.0.6\jsch.agentproxy.pageant-0.0.6.jar;C:\Users\D.Beztuzhev\.m2\repository\com\jcraft\jsch.agentproxy.jsch\0.0.6\jsch.agentproxy.jsch-0.0.6.jar;C:\Users\D.Beztuzhev\.m2\repository\org\apache\maven\wagon\wagon-ssh-common\2.6\wagon-ssh-common-2.6.jar;C:\Users\D.Beztuzhev\.m2\repository\org\codehaus\plexus\plexus-interactivity-api\1.0-alpha-6\plexus-interactivity-api-1.0-alpha-6.jar;C:\Users\D.Beztuzhev\.m2\repository\org\apache\maven\wagon\wagon-file\2.6\wagon-file-2.6.jar;C:\Users\D.Beztuzhev\.m2\repository\commons-lang\commons-lang\2.6\commons-lang-2.6.jar;C:\Users\D.Beztuzhev\.m2\repository\org\apache\maven\wagon\wagon-http\2.6\wagon-http-2.6.jar;C:\Users\D.Beztuzhev\.m2\repository\org\apache\maven\wagon\wagon-http-shared\2.6\wagon-http-shared-2.6.jar;C:\Users\D.Beztuzhev\.m2\repository\org\apache\maven\wagon\wagon-http-lightweight\2.6\wagon-http-lightweight-2.6.jar;C:\Users\D.Beztuzhev\.m2\repository\ru\yandex\qatools\clay\clay-maven-settings-builder\2.5\clay-maven-settings-builder-2.5.jar;C:\Users\D.Beztuzhev\.m2\repository\org\apache\maven\maven-core\3.3.9\maven-core-3.3.9.jar;C:\Users\D.Beztuzhev\.m2\repository\org\apache\maven\maven-model\3.3.9\maven-model-3.3.9.jar;C:\Users\D.Beztuzhev\.m2\repository\org\apache\maven\maven-settings\3.3.9\maven-settings-3.3.9.jar;C:\Users\D.Beztuzhev\.m2\repository\org\apache\maven\maven-settings-builder\3.3.9\maven-settings-builder-3.3.9.jar;C:\Users\D.Beztuzhev\.m2\repository\org\apache\maven\maven-builder-support\3.3.9\maven-builder-support-3.3.9.jar;C:\Users\D.Beztuzhev\.m2\repository\org\apache\maven\maven-repository-metadata\3.3.9\maven-repository-metadata-3.3.9.jar;C:\Users\D.Beztuzhev\.m2\repository\org\apache\maven\maven-artifact\3.3.9\maven-artifact-3.3.9.jar;C:\Users\D.Beztuzhev\.m2\repository\org\apache\maven\maven-plugin-api\3.3.9\maven-plugin-api-3.3.9.jar;C:\Users\D.Beztuzhev\.m2\repository\org\apache\maven\maven-model-builder\3.3.9\maven-model-builder-3.3.9.jar;C:\Users\D.Beztuzhev\.m2\repository\org\eclipse\sisu\org.eclipse.sisu.plexus\0.3.2\org.eclipse.sisu.plexus-0.3.2.jar;C:\Users\D.Beztuzhev\.m2\repository\javax\enterprise\cdi-api\1.0\cdi-api-1.0.jar;C:\Users\D.Beztuzhev\.m2\repository\javax\annotation\jsr250-api\1.0\jsr250-api-1.0.jar;C:\Users\D.Beztuzhev\.m2\repository\org\eclipse\sisu\org.eclipse.sisu.inject\0.3.2\org.eclipse.sisu.inject-0.3.2.jar;C:\Users\D.Beztuzhev\.m2\repository\com\google\inject\guice\4.0\guice-4.0-no_aop.jar;C:\Users\D.Beztuzhev\.m2\repository\javax\inject\javax.inject\1\javax.inject-1.jar;C:\Users\D.Beztuzhev\.m2\repository\aopalliance\aopalliance\1.0\aopalliance-1.0.jar;C:\Users\D.Beztuzhev\.m2\repository\org\codehaus\plexus\plexus-interpolation\1.21\plexus-interpolation-1.21.jar;C:\Users\D.Beztuzhev\.m2\repository\org\codehaus\plexus\plexus-utils\3.0.22\plexus-utils-3.0.22.jar;C:\Users\D.Beztuzhev\.m2\repository\org\codehaus\plexus\plexus-classworlds\2.5.2\plexus-classworlds-2.5.2.jar;C:\Users\D.Beztuzhev\.m2\repository\org\codehaus\plexus\plexus-component-annotations\1.6\plexus-component-annotations-1.6.jar;C:\Users\D.Beztuzhev\.m2\repository\org\sonatype\plexus\plexus-sec-dispatcher\1.3\plexus-sec-dispatcher-1.3.jar;C:\Users\D.Beztuzhev\.m2\repository\org\sonatype\plexus\plexus-cipher\1.4\plexus-cipher-1.4.jar;C:\Users\D.Beztuzhev\.m2\repository\org\apache\maven\reporting\maven-reporting-impl\2.4\maven-reporting-impl-2.4.jar;C:\Users\D.Beztuzhev\.m2\repository\org\apache\maven\reporting\maven-reporting-api\3.0\maven-reporting-api-3.0.jar;C:\Users\D.Beztuzhev\.m2\repository\org\apache\maven\maven-project\2.2.1\maven-project-2.2.1.jar;C:\Users\D.Beztuzhev\.m2\repository\org\apache\maven\maven-profile\2.2.1\maven-profile-2.2.1.jar;C:\Users\D.Beztuzhev\.m2\repository\org\apache\maven\maven-artifact-manager\2.2.1\maven-artifact-manager-2.2.1.jar;C:\Users\D.Beztuzhev\.m2\repository\backport-util-concurrent\backport-util-concurrent\3.1\backport-util-concurrent-3.1.jar;C:\Users\D.Beztuzhev\.m2\repository\org\apache\maven\maven-plugin-registry\2.2.1\maven-plugin-registry-2.2.1.jar;C:\Users\D.Beztuzhev\.m2\repository\org\codehaus\plexus\plexus-container-default\1.0-alpha-9-stable-1\plexus-container-default-1.0-alpha-9-stable-1.jar;C:\Users\D.Beztuzhev\.m2\repository\classworlds\classworlds\1.1-alpha-2\classworlds-1.1-alpha-2.jar;C:\Users\D.Beztuzhev\.m2\repository\org\apache\maven\shared\maven-shared-utils\0.6\maven-shared-utils-0.6.jar;C:\Users\D.Beztuzhev\.m2\repository\org\apache\maven\doxia\doxia-sink-api\1.6\doxia-sink-api-1.6.jar;C:\Users\D.Beztuzhev\.m2\repository\org\apache\maven\doxia\doxia-logging-api\1.6\doxia-logging-api-1.6.jar;C:\Users\D.Beztuzhev\.m2\repository\org\apache\maven\doxia\doxia-core\1.6\doxia-core-1.6.jar;C:\Users\D.Beztuzhev\.m2\repository\xmlunit\xmlunit\1.5\xmlunit-1.5.jar;C:\Users\D.Beztuzhev\.m2\repository\org\apache\maven\doxia\doxia-site-renderer\1.6\doxia-site-renderer-1.6.jar;C:\Users\D.Beztuzhev\.m2\repository\org\apache\maven\doxia\doxia-decoration-model\1.6\doxia-decoration-model-1.6.jar;C:\Users\D.Beztuzhev\.m2\repository\org\apache\maven\doxia\doxia-module-xhtml\1.6\doxia-module-xhtml-1.6.jar;C:\Users\D.Beztuzhev\.m2\repository\org\apache\maven\doxia\doxia-module-fml\1.6\doxia-module-fml-1.6.jar;C:\Users\D.Beztuzhev\.m2\repository\org\codehaus\plexus\plexus-i18n\1.0-beta-7\plexus-i18n-1.0-beta-7.jar;C:\Users\D.Beztuzhev\.m2\repository\org\codehaus\plexus\plexus-velocity\1.1.7\plexus-velocity-1.1.7.jar;C:\Users\D.Beztuzhev\.m2\repository\org\apache\velocity\velocity-tools\2.0\velocity-tools-2.0.jar;C:\Users\D.Beztuzhev\.m2\repository\commons-chain\commons-chain\1.1\commons-chain-1.1.jar;C:\Users\D.Beztuzhev\.m2\repository\dom4j\dom4j\1.1\dom4j-1.1.jar;C:\Users\D.Beztuzhev\.m2\repository\sslext\sslext\1.2-0\sslext-1.2-0.jar;C:\Users\D.Beztuzhev\.m2\repository\org\apache\struts\struts-core\1.3.8\struts-core-1.3.8.jar;C:\Users\D.Beztuzhev\.m2\repository\antlr\antlr\2.7.2\antlr-2.7.2.jar;C:\Users\D.Beztuzhev\.m2\repository\org\apache\struts\struts-taglib\1.3.8\struts-taglib-1.3.8.jar;C:\Users\D.Beztuzhev\.m2\repository\org\apache\struts\struts-tiles\1.3.8\struts-tiles-1.3.8.jar;C:\Users\D.Beztuzhev\.m2\repository\commons-validator\commons-validator\1.4.1\commons-validator-1.4.1.jar;C:\Users\D.Beztuzhev\.m2\repository\commons-digester\commons-digester\1.8.1\commons-digester-1.8.1.jar;C:\Users\D.Beztuzhev\.m2\repository\commons-beanutils\commons-beanutils\1.9.3\commons-beanutils-1.9.3.jar;C:\Users\D.Beztuzhev\.m2\repository\org\apache\maven\plugin-tools\maven-plugin-annotations\3.2\maven-plugin-annotations-3.2.jar;C:\Users\D.Beztuzhev\.m2\repository\org\apache\maven\plugins\maven-jxr-plugin\2.5\maven-jxr-plugin-2.5.jar;C:\Users\D.Beztuzhev\.m2\repository\org\apache\velocity\velocity\1.5\velocity-1.5.jar;C:\Users\D.Beztuzhev\.m2\repository\oro\oro\2.0.8\oro-2.0.8.jar;C:\Users\D.Beztuzhev\.m2\repository\org\apache\maven\maven-jxr\2.5\maven-jxr-2.5.jar;C:\Users\D.Beztuzhev\.m2\repository\org\apache\maven\wagon\wagon-provider-api\1.0\wagon-provider-api-1.0.jar;C:\Users\D.Beztuzhev\.m2\repository\com\sun\mail\javax.mail\1.6.2\javax.mail-1.6.2.jar;C:\Users\D.Beztuzhev\.m2\repository\javax\activation\activation\1.1\activation-1.1.jar;C:\Users\D.Beztuzhev\.m2\repository\net\sourceforge\htmlunit\htmlunit\2.15\htmlunit-2.15.jar;C:\Users\D.Beztuzhev\.m2\repository\xalan\xalan\2.7.1\xalan-2.7.1.jar;C:\Users\D.Beztuzhev\.m2\repository\xalan\serializer\2.7.1\serializer-2.7.1.jar;C:\Users\D.Beztuzhev\.m2\repository\commons-collections\commons-collections\3.2.1\commons-collections-3.2.1.jar;C:\Users\D.Beztuzhev\.m2\repository\net\sourceforge\htmlunit\htmlunit-core-js\2.15\htmlunit-core-js-2.15.jar;C:\Users\D.Beztuzhev\.m2\repository\xerces\xercesImpl\2.11.0\xercesImpl-2.11.0.jar;C:\Users\D.Beztuzhev\.m2\repository\net\sourceforge\nekohtml\nekohtml\1.9.21\nekohtml-1.9.21.jar;C:\Users\D.Beztuzhev\.m2\repository\net\sourceforge\cssparser\cssparser\0.9.14\cssparser-0.9.14.jar;C:\Users\D.Beztuzhev\.m2\repository\org\w3c\css\sac\1.3\sac-1.3.jar;C:\Users\D.Beztuzhev\.m2\repository\org\eclipse\jetty\jetty-websocket\8.1.15.v20140411\jetty-websocket-8.1.15.v20140411.jar;C:\Users\D.Beztuzhev\.m2\repository\org\eclipse\jetty\jetty-util\8.1.15.v20140411\jetty-util-8.1.15.v20140411.jar;C:\Users\D.Beztuzhev\.m2\repository\org\eclipse\jetty\jetty-io\8.1.15.v20140411\jetty-io-8.1.15.v20140411.jar;C:\Users\D.Beztuzhev\.m2\repository\org\eclipse\jetty\jetty-http\8.1.15.v20140411\jetty-http-8.1.15.v20140411.jar;C:\Users\D.Beztuzhev\.m2\repository\junit\junit\4.13.2\junit-4.13.2.jar;"/>
    <property name="java.vm.vendor" value="Oracle Corporation"/>
    <property name="sun.arch.data.model" value="64"/>
    <property name="user.variant" value=""/>
    <property name="java.vendor.url" value="http://java.oracle.com/"/>
    <property name="user.timezone" value="Europe/Helsinki"/>
    <property name="user.country.format" value="UA"/>
    <property name="java.vm.specification.version" value="1.8"/>
    <property name="os.name" value="Windows 10"/>
    <property name="user.country" value="RU"/>
    <property name="sun.java.launcher" value="SUN_STANDARD"/>
    <property name="allure.link.issue.pattern" value="https://example.org/issue/{}"/>
    <property name="sun.boot.library.path" value="C:\Program Files\Java\jdk1.8.0_251\jre\bin"/>
    <property name="sun.java.command" value="C:\Users\D.Beztuzhev\AppData\Local\Temp\surefire355932284180458022\surefirebooter4063377695282802799.jar C:\Users\D.Beztuzhev\AppData\Local\Temp\surefire355932284180458022 2021-12-30T16-54-28_569-jvmRun1 surefire4093063821818206382tmp surefire_01742139351542886908tmp"/>
    <property name="test" value="SmokeSuite"/>
    <property name="surefire.test.class.path" value="D:\IAS\target\test-classes;D:\IAS\target\classes;C:\Users\D.Beztuzhev\.m2\repository\io\qameta\allure\allure-junit4\2.0-BETA13\allure-junit4-2.0-BETA13.jar;C:\Users\D.Beztuzhev\.m2\repository\io\qameta\allure\allure-java-commons\2.0-BETA13\allure-java-commons-2.0-BETA13.jar;C:\Users\D.Beztuzhev\.m2\repository\io\qameta\allure\allure2-model-api\1.0-BETA6\allure2-model-api-1.0-BETA6.jar;C:\Users\D.Beztuzhev\.m2\repository\io\qameta\allure\allure2-model-pojo\1.0-BETA6\allure2-model-pojo-1.0-BETA6.jar;C:\Users\D.Beztuzhev\.m2\repository\org\apache\tika\tika-core\1.14\tika-core-1.14.jar;C:\Users\D.Beztuzhev\.m2\repository\io\qameta\allure\allure2-model-jackson\1.0-BETA6\allure2-model-jackson-1.0-BETA6.jar;C:\Users\D.Beztuzhev\.m2\repository\com\fasterxml\jackson\module\jackson-module-jaxb-annotations\2.7.0\jackson-module-jaxb-annotations-2.7.0.jar;C:\Users\D.Beztuzhev\.m2\repository\org\aspectj\aspectjrt\1.8.10\aspectjrt-1.8.10.jar;C:\Users\D.Beztuzhev\.m2\repository\org\jooq\joor\0.9.6\joor-0.9.6.jar;C:\Users\D.Beztuzhev\.m2\repository\com\codeborne\selenide\5.18.0\selenide-5.18.0.jar;C:\Users\D.Beztuzhev\.m2\repository\org\rauschig\jarchivelib\1.1.0\jarchivelib-1.1.0.jar;C:\Users\D.Beztuzhev\.m2\repository\org\apache\commons\commons-compress\1.20\commons-compress-1.20.jar;C:\Users\D.Beztuzhev\.m2\repository\org\apache\httpcomponents\client5\httpclient5\5.0.3\httpclient5-5.0.3.jar;C:\Users\D.Beztuzhev\.m2\repository\org\apache\httpcomponents\core5\httpcore5\5.0.2\httpcore5-5.0.2.jar;C:\Users\D.Beztuzhev\.m2\repository\com\google\guava\guava\30.1-jre\guava-30.1-jre.jar;C:\Users\D.Beztuzhev\.m2\repository\com\google\guava\failureaccess\1.0.1\failureaccess-1.0.1.jar;C:\Users\D.Beztuzhev\.m2\repository\com\google\guava\listenablefuture\9999.0-empty-to-avoid-conflict-with-guava\listenablefuture-9999.0-empty-to-avoid-conflict-with-guava.jar;C:\Users\D.Beztuzhev\.m2\repository\com\google\code\findbugs\jsr305\3.0.2\jsr305-3.0.2.jar;C:\Users\D.Beztuzhev\.m2\repository\org\checkerframework\checker-qual\3.5.0\checker-qual-3.5.0.jar;C:\Users\D.Beztuzhev\.m2\repository\com\google\errorprone\error_prone_annotations\2.3.4\error_prone_annotations-2.3.4.jar;C:\Users\D.Beztuzhev\.m2\repository\com\google\j2objc\j2objc-annotations\1.3\j2objc-annotations-1.3.jar;C:\Users\D.Beztuzhev\.m2\repository\io\qameta\allure\allure-selenide\2.13.8\allure-selenide-2.13.8.jar;C:\Users\D.Beztuzhev\.m2\repository\org\aspectj\aspectjweaver\1.9.5\aspectjweaver-1.9.5.jar;C:\Users\D.Beztuzhev\.m2\repository\org\seleniumhq\selenium\selenium-java\3.14.0\selenium-java-3.14.0.jar;C:\Users\D.Beztuzhev\.m2\repository\org\seleniumhq\selenium\selenium-api\3.14.0\selenium-api-3.14.0.jar;C:\Users\D.Beztuzhev\.m2\repository\org\seleniumhq\selenium\selenium-chrome-driver\3.14.0\selenium-chrome-driver-3.14.0.jar;C:\Users\D.Beztuzhev\.m2\repository\org\seleniumhq\selenium\selenium-edge-driver\3.14.0\selenium-edge-driver-3.14.0.jar;C:\Users\D.Beztuzhev\.m2\repository\org\seleniumhq\selenium\selenium-firefox-driver\3.14.0\selenium-firefox-driver-3.14.0.jar;C:\Users\D.Beztuzhev\.m2\repository\org\seleniumhq\selenium\selenium-ie-driver\3.14.0\selenium-ie-driver-3.14.0.jar;C:\Users\D.Beztuzhev\.m2\repository\org\seleniumhq\selenium\selenium-opera-driver\3.14.0\selenium-opera-driver-3.14.0.jar;C:\Users\D.Beztuzhev\.m2\repository\org\seleniumhq\selenium\selenium-remote-driver\3.14.0\selenium-remote-driver-3.14.0.jar;C:\Users\D.Beztuzhev\.m2\repository\org\seleniumhq\selenium\selenium-safari-driver\3.14.0\selenium-safari-driver-3.14.0.jar;C:\Users\D.Beztuzhev\.m2\repository\org\seleniumhq\selenium\selenium-support\3.14.0\selenium-support-3.14.0.jar;C:\Users\D.Beztuzhev\.m2\repository\net\bytebuddy\byte-buddy\1.8.15\byte-buddy-1.8.15.jar;C:\Users\D.Beztuzhev\.m2\repository\org\apache\commons\commons-exec\1.3\commons-exec-1.3.jar;C:\Users\D.Beztuzhev\.m2\repository\commons-codec\commons-codec\1.10\commons-codec-1.10.jar;C:\Users\D.Beztuzhev\.m2\repository\commons-logging\commons-logging\1.2\commons-logging-1.2.jar;C:\Users\D.Beztuzhev\.m2\repository\org\apache\httpcomponents\httpclient\4.5.5\httpclient-4.5.5.jar;C:\Users\D.Beztuzhev\.m2\repository\org\apache\httpcomponents\httpcore\4.4.9\httpcore-4.4.9.jar;C:\Users\D.Beztuzhev\.m2\repository\com\squareup\okhttp3\okhttp\3.10.0\okhttp-3.10.0.jar;C:\Users\D.Beztuzhev\.m2\repository\com\squareup\okio\okio\1.14.1\okio-1.14.1.jar;C:\Users\D.Beztuzhev\.m2\repository\xml-apis\xml-apis\1.4.01\xml-apis-1.4.01.jar;C:\Users\D.Beztuzhev\.m2\repository\javax\servlet\javax.servlet-api\3.1.0\javax.servlet-api-3.1.0.jar;C:\Users\D.Beztuzhev\.m2\repository\log4j\log4j\1.2.17\log4j-1.2.17.jar;C:\Users\D.Beztuzhev\.m2\repository\commons-io\commons-io\2.6\commons-io-2.6.jar;C:\Users\D.Beztuzhev\.m2\repository\org\aeonbits\owner\owner\1.0.4\owner-1.0.4.jar;C:\Users\D.Beztuzhev\.m2\repository\io\github\bonigarcia\webdrivermanager\3.7.1\webdrivermanager-3.7.1.jar;C:\Users\D.Beztuzhev\.m2\repository\com\google\code\gson\gson\2.8.5\gson-2.8.5.jar;C:\Users\D.Beztuzhev\.m2\repository\org\apache\commons\commons-lang3\3.8.1\commons-lang3-3.8.1.jar;C:\Users\D.Beztuzhev\.m2\repository\org\jsoup\jsoup\1.11.3\jsoup-1.11.3.jar;C:\Users\D.Beztuzhev\.m2\repository\org\slf4j\slf4j-api\1.7.5\slf4j-api-1.7.5.jar;C:\Users\D.Beztuzhev\.m2\repository\org\slf4j\slf4j-log4j12\1.7.5\slf4j-log4j12-1.7.5.jar;C:\Users\D.Beztuzhev\.m2\repository\ru\yandex\qatools\htmlelements\htmlelements-java\1.20.0\htmlelements-java-1.20.0.jar;C:\Users\D.Beztuzhev\.m2\repository\org\apache\poi\poi\3.14\poi-3.14.jar;C:\Users\D.Beztuzhev\.m2\repository\mysql\mysql-connector-java\5.1.18\mysql-connector-java-5.1.18.jar;C:\Users\D.Beztuzhev\.m2\repository\io\rest-assured\rest-assured\3.0.0\rest-assured-3.0.0.jar;C:\Users\D.Beztuzhev\.m2\repository\org\codehaus\groovy\groovy\2.4.6\groovy-2.4.6.jar;C:\Users\D.Beztuzhev\.m2\repository\org\codehaus\groovy\groovy-xml\2.4.6\groovy-xml-2.4.6.jar;C:\Users\D.Beztuzhev\.m2\repository\org\apache\httpcomponents\httpmime\4.5.1\httpmime-4.5.1.jar;C:\Users\D.Beztuzhev\.m2\repository\org\hamcrest\hamcrest-core\1.3\hamcrest-core-1.3.jar;C:\Users\D.Beztuzhev\.m2\repository\org\hamcrest\hamcrest-library\1.3\hamcrest-library-1.3.jar;C:\Users\D.Beztuzhev\.m2\repository\org\ccil\cowan\tagsoup\tagsoup\1.2.1\tagsoup-1.2.1.jar;C:\Users\D.Beztuzhev\.m2\repository\io\rest-assured\json-path\3.0.0\json-path-3.0.0.jar;C:\Users\D.Beztuzhev\.m2\repository\org\codehaus\groovy\groovy-json\2.4.6\groovy-json-2.4.6.jar;C:\Users\D.Beztuzhev\.m2\repository\io\rest-assured\rest-assured-common\3.0.0\rest-assured-common-3.0.0.jar;C:\Users\D.Beztuzhev\.m2\repository\io\rest-assured\xml-path\3.0.0\xml-path-3.0.0.jar;C:\Users\D.Beztuzhev\.m2\repository\org\json\json\20180130\json-20180130.jar;C:\Users\D.Beztuzhev\.m2\repository\com\fasterxml\jackson\core\jackson-core\2.9.6\jackson-core-2.9.6.jar;C:\Users\D.Beztuzhev\.m2\repository\com\fasterxml\jackson\core\jackson-databind\2.9.10\jackson-databind-2.9.10.jar;C:\Users\D.Beztuzhev\.m2\repository\com\fasterxml\jackson\core\jackson-annotations\2.9.10\jackson-annotations-2.9.10.jar;C:\Users\D.Beztuzhev\.m2\repository\jakarta\xml\bind\jakarta.xml.bind-api\2.3.2\jakarta.xml.bind-api-2.3.2.jar;C:\Users\D.Beztuzhev\.m2\repository\jakarta\activation\jakarta.activation-api\1.2.1\jakarta.activation-api-1.2.1.jar;C:\Users\D.Beztuzhev\.m2\repository\javax\xml\bind\jaxb-api\2.3.0\jaxb-api-2.3.0.jar;C:\Users\D.Beztuzhev\.m2\repository\org\glassfish\jaxb\jaxb-runtime\2.3.2\jaxb-runtime-2.3.2.jar;C:\Users\D.Beztuzhev\.m2\repository\org\glassfish\jaxb\txw2\2.3.2\txw2-2.3.2.jar;C:\Users\D.Beztuzhev\.m2\repository\com\sun\istack\istack-commons-runtime\3.0.8\istack-commons-runtime-3.0.8.jar;C:\Users\D.Beztuzhev\.m2\repository\org\jvnet\staxex\stax-ex\1.8.1\stax-ex-1.8.1.jar;C:\Users\D.Beztuzhev\.m2\repository\com\sun\xml\fastinfoset\FastInfoset\1.2.16\FastInfoset-1.2.16.jar;C:\Users\D.Beztuzhev\.m2\repository\ru\yandex\qatools\allure\allure-maven-plugin\2.6\allure-maven-plugin-2.6.jar;C:\Users\D.Beztuzhev\.m2\repository\ru\yandex\qatools\clay\clay-aether\2.5\clay-aether-2.5.jar;C:\Users\D.Beztuzhev\.m2\repository\org\eclipse\aether\aether-api\1.0.1.v20141111\aether-api-1.0.1.v20141111.jar;C:\Users\D.Beztuzhev\.m2\repository\org\eclipse\aether\aether-util\1.0.1.v20141111\aether-util-1.0.1.v20141111.jar;C:\Users\D.Beztuzhev\.m2\repository\org\eclipse\aether\aether-impl\1.0.1.v20141111\aether-impl-1.0.1.v20141111.jar;C:\Users\D.Beztuzhev\.m2\repository\org\eclipse\aether\aether-spi\1.0.1.v20141111\aether-spi-1.0.1.v20141111.jar;C:\Users\D.Beztuzhev\.m2\repository\org\eclipse\aether\aether-connector-basic\1.0.1.v20141111\aether-connector-basic-1.0.1.v20141111.jar;C:\Users\D.Beztuzhev\.m2\repository\org\eclipse\aether\aether-transport-file\1.0.1.v20141111\aether-transport-file-1.0.1.v20141111.jar;C:\Users\D.Beztuzhev\.m2\repository\org\eclipse\aether\aether-transport-http\1.0.1.v20141111\aether-transport-http-1.0.1.v20141111.jar;C:\Users\D.Beztuzhev\.m2\repository\org\slf4j\jcl-over-slf4j\1.6.2\jcl-over-slf4j-1.6.2.jar;C:\Users\D.Beztuzhev\.m2\repository\org\eclipse\aether\aether-transport-wagon\1.0.1.v20141111\aether-transport-wagon-1.0.1.v20141111.jar;C:\Users\D.Beztuzhev\.m2\repository\org\apache\maven\maven-aether-provider\3.1.0\maven-aether-provider-3.1.0.jar;C:\Users\D.Beztuzhev\.m2\repository\org\apache\maven\wagon\wagon-ssh\2.6\wagon-ssh-2.6.jar;C:\Users\D.Beztuzhev\.m2\repository\com\jcraft\jsch\0.1.50\jsch-0.1.50.jar;C:\Users\D.Beztuzhev\.m2\repository\com\jcraft\jsch.agentproxy.connector-factory\0.0.6\jsch.agentproxy.connector-factory-0.0.6.jar;C:\Users\D.Beztuzhev\.m2\repository\com\jcraft\jsch.agentproxy.core\0.0.6\jsch.agentproxy.core-0.0.6.jar;C:\Users\D.Beztuzhev\.m2\repository\com\jcraft\jsch.agentproxy.usocket-jna\0.0.6\jsch.agentproxy.usocket-jna-0.0.6.jar;C:\Users\D.Beztuzhev\.m2\repository\net\java\dev\jna\jna\3.4.0\jna-3.4.0.jar;C:\Users\D.Beztuzhev\.m2\repository\net\java\dev\jna\platform\3.4.0\platform-3.4.0.jar;C:\Users\D.Beztuzhev\.m2\repository\com\jcraft\jsch.agentproxy.usocket-nc\0.0.6\jsch.agentproxy.usocket-nc-0.0.6.jar;C:\Users\D.Beztuzhev\.m2\repository\com\jcraft\jsch.agentproxy.sshagent\0.0.6\jsch.agentproxy.sshagent-0.0.6.jar;C:\Users\D.Beztuzhev\.m2\repository\com\jcraft\jsch.agentproxy.pageant\0.0.6\jsch.agentproxy.pageant-0.0.6.jar;C:\Users\D.Beztuzhev\.m2\repository\com\jcraft\jsch.agentproxy.jsch\0.0.6\jsch.agentproxy.jsch-0.0.6.jar;C:\Users\D.Beztuzhev\.m2\repository\org\apache\maven\wagon\wagon-ssh-common\2.6\wagon-ssh-common-2.6.jar;C:\Users\D.Beztuzhev\.m2\repository\org\codehaus\plexus\plexus-interactivity-api\1.0-alpha-6\plexus-interactivity-api-1.0-alpha-6.jar;C:\Users\D.Beztuzhev\.m2\repository\org\apache\maven\wagon\wagon-file\2.6\wagon-file-2.6.jar;C:\Users\D.Beztuzhev\.m2\repository\commons-lang\commons-lang\2.6\commons-lang-2.6.jar;C:\Users\D.Beztuzhev\.m2\repository\org\apache\maven\wagon\wagon-http\2.6\wagon-http-2.6.jar;C:\Users\D.Beztuzhev\.m2\repository\org\apache\maven\wagon\wagon-http-shared\2.6\wagon-http-shared-2.6.jar;C:\Users\D.Beztuzhev\.m2\repository\org\apache\maven\wagon\wagon-http-lightweight\2.6\wagon-http-lightweight-2.6.jar;C:\Users\D.Beztuzhev\.m2\repository\ru\yandex\qatools\clay\clay-maven-settings-builder\2.5\clay-maven-settings-builder-2.5.jar;C:\Users\D.Beztuzhev\.m2\repository\org\apache\maven\maven-core\3.3.9\maven-core-3.3.9.jar;C:\Users\D.Beztuzhev\.m2\repository\org\apache\maven\maven-model\3.3.9\maven-model-3.3.9.jar;C:\Users\D.Beztuzhev\.m2\repository\org\apache\maven\maven-settings\3.3.9\maven-settings-3.3.9.jar;C:\Users\D.Beztuzhev\.m2\repository\org\apache\maven\maven-settings-builder\3.3.9\maven-settings-builder-3.3.9.jar;C:\Users\D.Beztuzhev\.m2\repository\org\apache\maven\maven-builder-support\3.3.9\maven-builder-support-3.3.9.jar;C:\Users\D.Beztuzhev\.m2\repository\org\apache\maven\maven-repository-metadata\3.3.9\maven-repository-metadata-3.3.9.jar;C:\Users\D.Beztuzhev\.m2\repository\org\apache\maven\maven-artifact\3.3.9\maven-artifact-3.3.9.jar;C:\Users\D.Beztuzhev\.m2\repository\org\apache\maven\maven-plugin-api\3.3.9\maven-plugin-api-3.3.9.jar;C:\Users\D.Beztuzhev\.m2\repository\org\apache\maven\maven-model-builder\3.3.9\maven-model-builder-3.3.9.jar;C:\Users\D.Beztuzhev\.m2\repository\org\eclipse\sisu\org.eclipse.sisu.plexus\0.3.2\org.eclipse.sisu.plexus-0.3.2.jar;C:\Users\D.Beztuzhev\.m2\repository\javax\enterprise\cdi-api\1.0\cdi-api-1.0.jar;C:\Users\D.Beztuzhev\.m2\repository\javax\annotation\jsr250-api\1.0\jsr250-api-1.0.jar;C:\Users\D.Beztuzhev\.m2\repository\org\eclipse\sisu\org.eclipse.sisu.inject\0.3.2\org.eclipse.sisu.inject-0.3.2.jar;C:\Users\D.Beztuzhev\.m2\repository\com\google\inject\guice\4.0\guice-4.0-no_aop.jar;C:\Users\D.Beztuzhev\.m2\repository\javax\inject\javax.inject\1\javax.inject-1.jar;C:\Users\D.Beztuzhev\.m2\repository\aopalliance\aopalliance\1.0\aopalliance-1.0.jar;C:\Users\D.Beztuzhev\.m2\repository\org\codehaus\plexus\plexus-interpolation\1.21\plexus-interpolation-1.21.jar;C:\Users\D.Beztuzhev\.m2\repository\org\codehaus\plexus\plexus-utils\3.0.22\plexus-utils-3.0.22.jar;C:\Users\D.Beztuzhev\.m2\repository\org\codehaus\plexus\plexus-classworlds\2.5.2\plexus-classworlds-2.5.2.jar;C:\Users\D.Beztuzhev\.m2\repository\org\codehaus\plexus\plexus-component-annotations\1.6\plexus-component-annotations-1.6.jar;C:\Users\D.Beztuzhev\.m2\repository\org\sonatype\plexus\plexus-sec-dispatcher\1.3\plexus-sec-dispatcher-1.3.jar;C:\Users\D.Beztuzhev\.m2\repository\org\sonatype\plexus\plexus-cipher\1.4\plexus-cipher-1.4.jar;C:\Users\D.Beztuzhev\.m2\repository\org\apache\maven\reporting\maven-reporting-impl\2.4\maven-reporting-impl-2.4.jar;C:\Users\D.Beztuzhev\.m2\repository\org\apache\maven\reporting\maven-reporting-api\3.0\maven-reporting-api-3.0.jar;C:\Users\D.Beztuzhev\.m2\repository\org\apache\maven\maven-project\2.2.1\maven-project-2.2.1.jar;C:\Users\D.Beztuzhev\.m2\repository\org\apache\maven\maven-profile\2.2.1\maven-profile-2.2.1.jar;C:\Users\D.Beztuzhev\.m2\repository\org\apache\maven\maven-artifact-manager\2.2.1\maven-artifact-manager-2.2.1.jar;C:\Users\D.Beztuzhev\.m2\repository\backport-util-concurrent\backport-util-concurrent\3.1\backport-util-concurrent-3.1.jar;C:\Users\D.Beztuzhev\.m2\repository\org\apache\maven\maven-plugin-registry\2.2.1\maven-plugin-registry-2.2.1.jar;C:\Users\D.Beztuzhev\.m2\repository\org\codehaus\plexus\plexus-container-default\1.0-alpha-9-stable-1\plexus-container-default-1.0-alpha-9-stable-1.jar;C:\Users\D.Beztuzhev\.m2\repository\classworlds\classworlds\1.1-alpha-2\classworlds-1.1-alpha-2.jar;C:\Users\D.Beztuzhev\.m2\repository\org\apache\maven\shared\maven-shared-utils\0.6\maven-shared-utils-0.6.jar;C:\Users\D.Beztuzhev\.m2\repository\org\apache\maven\doxia\doxia-sink-api\1.6\doxia-sink-api-1.6.jar;C:\Users\D.Beztuzhev\.m2\repository\org\apache\maven\doxia\doxia-logging-api\1.6\doxia-logging-api-1.6.jar;C:\Users\D.Beztuzhev\.m2\repository\org\apache\maven\doxia\doxia-core\1.6\doxia-core-1.6.jar;C:\Users\D.Beztuzhev\.m2\repository\xmlunit\xmlunit\1.5\xmlunit-1.5.jar;C:\Users\D.Beztuzhev\.m2\repository\org\apache\maven\doxia\doxia-site-renderer\1.6\doxia-site-renderer-1.6.jar;C:\Users\D.Beztuzhev\.m2\repository\org\apache\maven\doxia\doxia-decoration-model\1.6\doxia-decoration-model-1.6.jar;C:\Users\D.Beztuzhev\.m2\repository\org\apache\maven\doxia\doxia-module-xhtml\1.6\doxia-module-xhtml-1.6.jar;C:\Users\D.Beztuzhev\.m2\repository\org\apache\maven\doxia\doxia-module-fml\1.6\doxia-module-fml-1.6.jar;C:\Users\D.Beztuzhev\.m2\repository\org\codehaus\plexus\plexus-i18n\1.0-beta-7\plexus-i18n-1.0-beta-7.jar;C:\Users\D.Beztuzhev\.m2\repository\org\codehaus\plexus\plexus-velocity\1.1.7\plexus-velocity-1.1.7.jar;C:\Users\D.Beztuzhev\.m2\repository\org\apache\velocity\velocity-tools\2.0\velocity-tools-2.0.jar;C:\Users\D.Beztuzhev\.m2\repository\commons-chain\commons-chain\1.1\commons-chain-1.1.jar;C:\Users\D.Beztuzhev\.m2\repository\dom4j\dom4j\1.1\dom4j-1.1.jar;C:\Users\D.Beztuzhev\.m2\repository\sslext\sslext\1.2-0\sslext-1.2-0.jar;C:\Users\D.Beztuzhev\.m2\repository\org\apache\struts\struts-core\1.3.8\struts-core-1.3.8.jar;C:\Users\D.Beztuzhev\.m2\repository\antlr\antlr\2.7.2\antlr-2.7.2.jar;C:\Users\D.Beztuzhev\.m2\repository\org\apache\struts\struts-taglib\1.3.8\struts-taglib-1.3.8.jar;C:\Users\D.Beztuzhev\.m2\repository\org\apache\struts\struts-tiles\1.3.8\struts-tiles-1.3.8.jar;C:\Users\D.Beztuzhev\.m2\repository\commons-validator\commons-validator\1.4.1\commons-validator-1.4.1.jar;C:\Users\D.Beztuzhev\.m2\repository\commons-digester\commons-digester\1.8.1\commons-digester-1.8.1.jar;C:\Users\D.Beztuzhev\.m2\repository\commons-beanutils\commons-beanutils\1.9.3\commons-beanutils-1.9.3.jar;C:\Users\D.Beztuzhev\.m2\repository\org\apache\maven\plugin-tools\maven-plugin-annotations\3.2\maven-plugin-annotations-3.2.jar;C:\Users\D.Beztuzhev\.m2\repository\org\apache\maven\plugins\maven-jxr-plugin\2.5\maven-jxr-plugin-2.5.jar;C:\Users\D.Beztuzhev\.m2\repository\org\apache\velocity\velocity\1.5\velocity-1.5.jar;C:\Users\D.Beztuzhev\.m2\repository\oro\oro\2.0.8\oro-2.0.8.jar;C:\Users\D.Beztuzhev\.m2\repository\org\apache\maven\maven-jxr\2.5\maven-jxr-2.5.jar;C:\Users\D.Beztuzhev\.m2\repository\org\apache\maven\wagon\wagon-provider-api\1.0\wagon-provider-api-1.0.jar;C:\Users\D.Beztuzhev\.m2\repository\com\sun\mail\javax.mail\1.6.2\javax.mail-1.6.2.jar;C:\Users\D.Beztuzhev\.m2\repository\javax\activation\activation\1.1\activation-1.1.jar;C:\Users\D.Beztuzhev\.m2\repository\net\sourceforge\htmlunit\htmlunit\2.15\htmlunit-2.15.jar;C:\Users\D.Beztuzhev\.m2\repository\xalan\xalan\2.7.1\xalan-2.7.1.jar;C:\Users\D.Beztuzhev\.m2\repository\xalan\serializer\2.7.1\serializer-2.7.1.jar;C:\Users\D.Beztuzhev\.m2\repository\commons-collections\commons-collections\3.2.1\commons-collections-3.2.1.jar;C:\Users\D.Beztuzhev\.m2\repository\net\sourceforge\htmlunit\htmlunit-core-js\2.15\htmlunit-core-js-2.15.jar;C:\Users\D.Beztuzhev\.m2\repository\xerces\xercesImpl\2.11.0\xercesImpl-2.11.0.jar;C:\Users\D.Beztuzhev\.m2\repository\net\sourceforge\nekohtml\nekohtml\1.9.21\nekohtml-1.9.21.jar;C:\Users\D.Beztuzhev\.m2\repository\net\sourceforge\cssparser\cssparser\0.9.14\cssparser-0.9.14.jar;C:\Users\D.Beztuzhev\.m2\repository\org\w3c\css\sac\1.3\sac-1.3.jar;C:\Users\D.Beztuzhev\.m2\repository\org\eclipse\jetty\jetty-websocket\8.1.15.v20140411\jetty-websocket-8.1.15.v20140411.jar;C:\Users\D.Beztuzhev\.m2\repository\org\eclipse\jetty\jetty-util\8.1.15.v20140411\jetty-util-8.1.15.v20140411.jar;C:\Users\D.Beztuzhev\.m2\repository\org\eclipse\jetty\jetty-io\8.1.15.v20140411\jetty-io-8.1.15.v20140411.jar;C:\Users\D.Beztuzhev\.m2\repository\org\eclipse\jetty\jetty-http\8.1.15.v20140411\jetty-http-8.1.15.v20140411.jar;C:\Users\D.Beztuzhev\.m2\repository\junit\junit\4.13.2\junit-4.13.2.jar;"/>
    <property name="allure.results.directory" value="D:\IAS\target/allure-results"/>
    <property name="sun.cpu.endian" value="little"/>
    <property name="user.home" value="C:\Users\D.Beztuzhev"/>
    <property name="user.language" value="ru"/>
    <property name="java.specification.vendor" value="Oracle Corporation"/>
    <property name="java.home" value="C:\Program Files\Java\jdk1.8.0_251\jre"/>
    <property name="basedir" value="D:\IAS"/>
    <property name="file.separator" value="\"/>
    <property name="line.separator" value="&#10;"/>
    <property name="java.vm.specification.vendor" value="Oracle Corporation"/>
    <property name="java.specification.name" value="Java Platform API Specification"/>
    <property name="java.awt.graphicsenv" value="sun.awt.Win32GraphicsEnvironment"/>
    <property name="surefire.real.class.path" value="C:\Users\D.Beztuzhev\AppData\Local\Temp\surefire355932284180458022\surefirebooter4063377695282802799.jar;C:\Users\D.Beztuzhev\.m2\repository/org/aspectj/aspectjweaver/1.9.5/aspectjweaver-1.9.5.jar"/>
    <property name="idea.version2020.1.4" value="true"/>
    <property name="sun.boot.class.path" value="C:\Program Files\Java\jdk1.8.0_251\jre\lib\resources.jar;C:\Program Files\Java\jdk1.8.0_251\jre\lib\rt.jar;C:\Program Files\Java\jdk1.8.0_251\jre\lib\sunrsasign.jar;C:\Program Files\Java\jdk1.8.0_251\jre\lib\jsse.jar;C:\Program Files\Java\jdk1.8.0_251\jre\lib\jce.jar;C:\Program Files\Java\jdk1.8.0_251\jre\lib\charsets.jar;C:\Program Files\Java\jdk1.8.0_251\jre\lib\jfr.jar;C:\Program Files\Java\jdk1.8.0_251\jre\classes"/>
    <property name="user.script" value=""/>
    <property name="sun.management.compiler" value="HotSpot 64-Bit Tiered Compilers"/>
    <property name="java.runtime.version" value="1.8.0_251-b08"/>
    <property name="user.name" value="D.Beztuzhev"/>
    <property name="path.separator" value=";"/>
    <property name="os.version" value="10.0"/>
    <property name="java.endorsed.dirs" value="C:\Program Files\Java\jdk1.8.0_251\jre\lib\endorsed"/>
    <property name="java.runtime.name" value="Java(TM) SE Runtime Environment"/>
    <property name="file.encoding" value="Cp1251"/>
    <property name="java.vm.name" value="Java HotSpot(TM) 64-Bit Server VM"/>
    <property name="localRepository" value="C:\Users\D.Beztuzhev\.m2\repository"/>
    <property name="java.vendor.url.bug" value="http://bugreport.sun.com/bugreport/"/>
    <property name="java.io.tmpdir" value="C:\Users\D6605~1.BEZ\AppData\Local\Temp\"/>
    <property name="java.version" value="1.8.0_251"/>
    <property name="user.dir" value="D:\IAS"/>
    <property name="os.arch" value="amd64"/>
    <property name="java.vm.specification.name" value="Java Virtual Machine Specification"/>
    <property name="java.awt.printerjob" value="sun.awt.windows.WPrinterJob"/>
    <property name="sun.os.patch.level" value=""/>
    <property name="java.library.path" value="C:\Program Files\Java\jdk1.8.0_251\jre\bin;C:\WINDOWS\Sun\Java\bin;C:\WINDOWS\system32;C:\WINDOWS;C:\Python39\Scripts\;C:\Python39\;C:\Program Files (x86)\Common Files\Intel\Shared Libraries\redist\intel64\compiler;C:\Program Files (x86)\Common Files\Oracle\Java\javapath;C:\WINDOWS\system32;C:\WINDOWS;C:\WINDOWS\System32\Wbem;C:\WINDOWS\System32\WindowsPowerShell\v1.0\;C:\WINDOWS\System32\OpenSSH\;C:\Program Files\Java\jdk1.8.0_251\bin\;C:\Program Files\nodejs\;C:\ProgramData\chocolatey\bin;C:\Program Files\Git\cmd;C:\Users\D.Beztuzhev\AppData\Local\Microsoft\WindowsApps;;C:\Program Files\JetBrains\IntelliJ IDEA Community Edition 2020.1\bin;;C:\Program Files\JetBrains\PyCharm Community Edition 2020.1\bin;;C:\Users\D.Beztuzhev\AppData\Roaming\npm;."/>
    <property name="java.vm.info" value="mixed mode"/>
    <property name="java.vendor" value="Oracle Corporation"/>
    <property name="java.vm.version" value="25.251-b08"/>
    <property name="java.ext.dirs" value="C:\Program Files\Java\jdk1.8.0_251\jre\lib\ext;C:\WINDOWS\Sun\Java\lib\ext"/>
    <property name="sun.io.unicode.encoding" value="UnicodeLittle"/>
    <property name="java.class.version" value="52.0"/>
    <property name="maven.test.failure.ignore" value="true"/>
  </properties>
  <testcase name="viewDovidkaContentTest" classname="dovidkaTest.DovidkaTest" time="17.868"/>
</testsuite>